2017-06-07 05:49:05,833 [Thread-2:139639127262976] [blog.views:13] [views:index] [ERROR]- [Errno 2] No such file or directory: 'sss.txt'
2017-06-07 06:07:55,396 [Thread-2:139968859809536] [blog.views:17] [views:index] [ERROR]- [Errno 2] No such file or directory: 'sss.txt'
2017-06-07 06:07:56,724 [Thread-3:139968851416832] [blog.views:17] [views:index] [ERROR]- [Errno 2] No such file or directory: 'sss.txt'
2017-06-07 06:07:57,134 [Thread-4:139968843024128] [blog.views:17] [views:index] [ERROR]- [Errno 2] No such file or directory: 'sss.txt'
2017-06-07 06:07:57,445 [Thread-5:139968834631424] [blog.views:17] [views:index] [ERROR]- [Errno 2] No such file or directory: 'sss.txt'
2017-06-07 06:07:57,609 [Thread-6:139968487880448] [blog.views:17] [views:index] [ERROR]- [Errno 2] No such file or directory: 'sss.txt'
2017-06-07 06:07:57,954 [Thread-7:139968479487744] [blog.views:17] [views:index] [ERROR]- [Errno 2] No such file or directory: 'sss.txt'
2017-06-07 06:10:03,284 [Thread-2:140678455252736] [blog.views:17] [views:index] [ERROR]- [Errno 2] No such file or directory: 'sss.txt'
2017-06-07 06:37:29,286 [Thread-34:139959795664640] [blog.views:17] [views:index] [ERROR]- [Errno 2] No such file or directory: 'sss.txt'
2017-06-07 06:37:30,055 [Thread-35:139959562401536] [blog.views:17] [views:index] [ERROR]- [Errno 2] No such file or directory: 'sss.txt'
2017-06-07 07:48:17,186 [Thread-2:139942516750080] [blog.views:17] [views:index] [ERROR]- [Errno 2] No such file or directory: 'sss.txt'
2017-06-07 07:54:00,711 [Thread-2:140437762860800] [blog.views:17] [views:index] [ERROR]- [Errno 2] No such file or directory: 'sss.txt'
2017-06-07 07:58:00,869 [Thread-25:140437762860800] [blog.views:17] [views:index] [ERROR]- [Errno 2] No such file or directory: 'sss.txt'
2017-06-07 08:10:33,449 [Thread-9:139830243620608] [blog.views:17] [views:index] [ERROR]- [Errno 2] No such file or directory: 'sss.txt'
2017-06-07 08:10:37,336 [Thread-11:139830243620608] [blog.views:17] [views:index] [ERROR]- [Errno 2] No such file or directory: 'sss.txt'
2017-06-07 08:10:38,603 [Thread-12:139830243620608] [blog.views:17] [views:index] [ERROR]- [Errno 2] No such file or directory: 'sss.txt'
2017-06-07 08:10:39,313 [Thread-13:139830243620608] [blog.views:17] [views:index] [ERROR]- [Errno 2] No such file or directory: 'sss.txt'
2017-06-07 08:10:40,193 [Thread-14:139830243620608] [blog.views:17] [views:index] [ERROR]- [Errno 2] No such file or directory: 'sss.txt'
2017-06-07 08:41:32,557 [Thread-74:140466410739456] [blog.views:17] [views:index] [ERROR]- [Errno 2] No such file or directory: 'sss.txt'
2017-06-07 08:43:04,933 [Thread-2:140673903056640] [blog.views:17] [views:index] [ERROR]- [Errno 2] No such file or directory: 'sss.txt'
2017-06-07 08:48:02,177 [Thread-8:140695757133568] [blog.views:17] [views:index] [ERROR]- [Errno 2] No such file or directory: 'sss.txt'
2017-06-07 09:03:56,217 [Thread-3:139925491463936] [blog.views:18] [views:index] [ERROR]- [Errno 2] No such file or directory: 'sss.txt'
2017-06-07 09:07:21,320 [Thread-4:140260134610688] [blog.views:18] [views:index] [ERROR]- [Errno 2] No such file or directory: 'sss.txt'
2017-06-07 09:07:33,780 [Thread-10:140260126217984] [blog.views:18] [views:index] [ERROR]- [Errno 2] No such file or directory: 'sss.txt'
2017-06-07 09:16:41,427 [Thread-11:140260126217984] [blog.views:18] [views:index] [ERROR]- [Errno 2] No such file or directory: 'sss.txt'
2017-06-07 09:16:44,172 [Thread-12:140260126217984] [blog.views:18] [views:index] [ERROR]- [Errno 2] No such file or directory: 'sss.txt'
2017-06-07 09:19:35,666 [Thread-2:139858660353792] [blog.views:18] [views:index] [ERROR]- [Errno 2] No such file or directory: 'sss.txt'
2017-06-07 09:19:36,427 [Thread-3:139858649863936] [blog.views:18] [views:index] [ERROR]- [Errno 2] No such file or directory: 'sss.txt'
2017-06-07 09:19:36,978 [Thread-4:139858641471232] [blog.views:18] [views:index] [ERROR]- [Errno 2] No such file or directory: 'sss.txt'
2017-06-07 09:19:37,304 [Thread-5:139858429343488] [blog.views:18] [views:index] [ERROR]- [Errno 2] No such file or directory: 'sss.txt'
2017-06-07 09:19:37,453 [Thread-6:139858420950784] [blog.views:18] [views:index] [ERROR]- [Errno 2] No such file or directory: 'sss.txt'
2017-06-07 09:19:38,047 [Thread-7:139858412558080] [blog.views:18] [views:index] [ERROR]- [Errno 2] No such file or directory: 'sss.txt'
2017-06-07 09:20:30,548 [Thread-2:139832212645632] [blog.views:18] [views:index] [ERROR]- [Errno 2] No such file or directory: 'sss.txt'
2017-06-07 09:20:31,511 [Thread-3:139832204252928] [blog.views:18] [views:index] [ERROR]- [Errno 2] No such file or directory: 'sss.txt'
2017-06-07 09:20:31,890 [Thread-4:139831988451072] [blog.views:18] [views:index] [ERROR]- [Errno 2] No such file or directory: 'sss.txt'
2017-06-07 09:20:32,535 [Thread-5:139832212645632] [blog.views:18] [views:index] [ERROR]- [Errno 2] No such file or directory: 'sss.txt'
2017-06-07 09:20:32,873 [Thread-6:139831980058368] [blog.views:18] [views:index] [ERROR]- [Errno 2] No such file or directory: 'sss.txt'
2017-06-07 09:20:32,995 [Thread-7:139831971665664] [blog.views:18] [views:index] [ERROR]- [Errno 2] No such file or directory: 'sss.txt'
2017-06-07 09:23:18,172 [Thread-9:139831971665664] [blog.views:18] [views:index] [ERROR]- [Errno 2] No such file or directory: 'sss.txt'
2017-06-07 09:23:40,373 [Thread-10:139831971665664] [blog.views:18] [views:index] [ERROR]- [Errno 2] No such file or directory: 'sss.txt'
2017-06-07 09:23:43,595 [Thread-2:139674172446464] [blog.views:18] [views:index] [ERROR]- [Errno 2] No such file or directory: 'sss.txt'
2017-06-07 09:43:38,982 [Thread-10:140534641694464] [blog.views:18] [views:index] [ERROR]- [Errno 2] No such file or directory: 'sss.txt'
2017-06-08 01:24:54,234 [Thread-2:140156607989504] [blog.views:18] [views:index] [ERROR]- [Errno 2] No such file or directory: 'sss.txt'
2017-06-08 01:29:08,943 [Thread-12:140156526917376] [blog.views:18] [views:index] [ERROR]- [Errno 2] No such file or directory: 'sss.txt'
2017-06-08 01:29:09,717 [Thread-13:140156526917376] [blog.views:18] [views:index] [ERROR]- [Errno 2] No such file or directory: 'sss.txt'
2017-06-08 01:31:24,945 [Thread-2:140714212652800] [blog.views:18] [views:index] [ERROR]- [Errno 2] No such file or directory: 'sss.txt'
2017-06-08 01:32:10,141 [Thread-8:140714109290240] [blog.views:18] [views:index] [ERROR]- [Errno 2] No such file or directory: 'sss.txt'
2017-06-08 01:55:31,133 [Thread-14:140714212652800] [blog.views:18] [views:index] [ERROR]- [Errno 2] No such file or directory: 'sss.txt'
2017-06-08 02:01:37,683 [Thread-19:140714100897536] [blog.views:18] [views:index] [ERROR]- [Errno 2] No such file or directory: 'sss.txt'
2017-06-08 02:01:38,756 [Thread-20:140714126075648] [blog.views:18] [views:index] [ERROR]- [Errno 2] No such file or directory: 'sss.txt'
2017-06-08 02:01:39,123 [Thread-21:140714134468352] [blog.views:18] [views:index] [ERROR]- [Errno 2] No such file or directory: 'sss.txt'
2017-06-08 02:01:39,286 [Thread-22:140714117682944] [blog.views:18] [views:index] [ERROR]- [Errno 2] No such file or directory: 'sss.txt'
2017-06-08 02:01:39,444 [Thread-23:140714212652800] [blog.views:18] [views:index] [ERROR]- [Errno 2] No such file or directory: 'sss.txt'
2017-06-08 02:01:39,587 [Thread-24:140714109290240] [blog.views:18] [views:index] [ERROR]- [Errno 2] No such file or directory: 'sss.txt'
2017-06-08 02:01:39,733 [Thread-25:140714100897536] [blog.views:18] [views:index] [ERROR]- [Errno 2] No such file or directory: 'sss.txt'
2017-06-08 02:01:39,903 [Thread-26:140714126075648] [blog.views:18] [views:index] [ERROR]- [Errno 2] No such file or directory: 'sss.txt'
2017-06-08 02:01:40,087 [Thread-27:140714126075648] [blog.views:18] [views:index] [ERROR]- [Errno 2] No such file or directory: 'sss.txt'
2017-06-08 07:33:11,366 [Thread-35:139985081808640] [blog.views:37] [views:index] [ERROR]- invalid literal for int() with base 10: ''
2017-06-08 07:34:02,899 [Thread-63:139984719832832] [blog.views:37] [views:index] [ERROR]- invalid literal for int() with base 10: ''
2017-06-08 07:34:03,742 [Thread-64:139984728225536] [blog.views:37] [views:index] [ERROR]- invalid literal for int() with base 10: ''
2017-06-08 07:34:07,036 [Thread-65:139985081808640] [blog.views:37] [views:index] [ERROR]- invalid literal for int() with base 10: ''
2017-06-08 07:34:07,619 [Thread-66:139985099380480] [blog.views:37] [views:index] [ERROR]- invalid literal for int() with base 10: ''
2017-06-08 07:34:36,610 [Thread-70:139985090201344] [blog.views:37] [views:index] [ERROR]- invalid literal for int() with base 10: ''
2017-06-08 07:34:37,490 [Thread-71:139984719832832] [blog.views:37] [views:index] [ERROR]- invalid literal for int() with base 10: ''
2017-06-08 07:34:38,200 [Thread-72:139985073415936] [blog.views:37] [views:index] [ERROR]- invalid literal for int() with base 10: ''
2017-06-08 07:36:01,484 [Thread-2:140592429778688] [blog.views:35] [views:index] [ERROR]- invalid literal for int() with base 10: ''
2017-06-08 07:36:02,702 [Thread-3:140592421385984] [blog.views:35] [views:index] [ERROR]- invalid literal for int() with base 10: ''
2017-06-08 07:36:03,049 [Thread-4:140592421385984] [blog.views:35] [views:index] [ERROR]- invalid literal for int() with base 10: ''
2017-06-08 07:36:03,350 [Thread-5:140592421385984] [blog.views:35] [views:index] [ERROR]- invalid literal for int() with base 10: ''
2017-06-08 07:36:10,062 [Thread-6:140592421385984] [blog.views:35] [views:index] [ERROR]- invalid literal for int() with base 10: ''
2017-06-08 07:36:42,165 [Thread-7:140592421385984] [blog.views:35] [views:index] [ERROR]- invalid literal for int() with base 10: ''
2017-06-08 07:36:43,386 [Thread-8:140592429778688] [blog.views:35] [views:index] [ERROR]- invalid literal for int() with base 10: ''
2017-06-08 07:36:43,486 [Thread-9:140592410896128] [blog.views:35] [views:index] [ERROR]- invalid literal for int() with base 10: ''
2017-06-08 07:36:43,712 [Thread-10:140592197662464] [blog.views:35] [views:index] [ERROR]- invalid literal for int() with base 10: ''
2017-06-08 07:36:44,377 [Thread-11:140592189269760] [blog.views:35] [views:index] [ERROR]- invalid literal for int() with base 10: ''
2017-06-08 07:37:29,444 [Thread-14:140592421385984] [blog.views:35] [views:index] [ERROR]- invalid literal for int() with base 10: ''
2017-06-08 07:37:29,824 [Thread-15:140592189269760] [blog.views:35] [views:index] [ERROR]- invalid literal for int() with base 10: ''
2017-06-08 07:37:43,058 [Thread-16:140592189269760] [blog.views:35] [views:index] [ERROR]- invalid literal for int() with base 10: ''
2017-06-08 08:36:29,081 [Thread-2:139892476782336] [blog.views:37] [views:index] [ERROR]- 'ascii' codec can't encode characters in position 5-8: ordinal not in range(128)
2017-06-08 08:37:01,166 [Thread-5:139892468389632] [blog.views:37] [views:index] [ERROR]- 'ascii' codec can't encode characters in position 5-8: ordinal not in range(128)
2017-06-08 08:39:21,348 [Thread-2:140378944055040] [blog.views:38] [views:index] [ERROR]- 'ascii' codec can't encode characters in position 5-8: ordinal not in range(128)
2017-06-08 08:45:38,191 [Thread-2:140018263181056] [blog.views:38] [views:index] [ERROR]- 'ascii' codec can't encode characters in position 5-8: ordinal not in range(128)
2017-06-08 08:45:41,180 [Thread-3:140018263181056] [blog.views:38] [views:index] [ERROR]- 'ascii' codec can't encode characters in position 5-8: ordinal not in range(128)
2017-06-08 08:45:57,898 [Thread-9:140018237216512] [blog.views:38] [views:index] [ERROR]- 'ascii' codec can't encode characters in position 5-8: ordinal not in range(128)
2017-06-08 08:52:45,190 [Thread-2:140538376353536] [blog.views:38] [views:index] [ERROR]- 'Manager' object has no attribute 'distinct_date'
2017-06-08 08:57:35,114 [Thread-2:140498913949440] [blog.views:38] [views:index] [ERROR]- 'ascii' codec can't encode characters in position 5-8: ordinal not in range(128)
2017-06-08 09:04:37,341 [Thread-2:140176834893568] [blog.views:38] [views:index] [ERROR]- 'ascii' codec can't encode characters in position 5-8: ordinal not in range(128)
2017-06-08 09:04:41,736 [Thread-3:140176826500864] [blog.views:38] [views:index] [ERROR]- 'ascii' codec can't encode characters in position 5-8: ordinal not in range(128)
2017-06-08 09:04:42,479 [Thread-4:140176818108160] [blog.views:38] [views:index] [ERROR]- 'ascii' codec can't encode characters in position 5-8: ordinal not in range(128)
2017-06-08 09:08:53,225 [Thread-2:140041656104704] [blog.views:38] [views:index] [ERROR]- distinct_date() takes exactly 1 argument (2 given)
2017-06-08 09:08:53,944 [Thread-3:140041647712000] [blog.views:38] [views:index] [ERROR]- distinct_date() takes exactly 1 argument (2 given)
2017-06-08 09:08:54,207 [Thread-4:140041435215616] [blog.views:38] [views:index] [ERROR]- distinct_date() takes exactly 1 argument (2 given)
2017-06-08 09:08:54,422 [Thread-5:140041426822912] [blog.views:38] [views:index] [ERROR]- distinct_date() takes exactly 1 argument (2 given)
2017-06-08 09:08:54,570 [Thread-6:140041656104704] [blog.views:38] [views:index] [ERROR]- distinct_date() takes exactly 1 argument (2 given)
2017-06-08 09:08:54,743 [Thread-7:140041656104704] [blog.views:38] [views:index] [ERROR]- distinct_date() takes exactly 1 argument (2 given)
2017-06-08 09:08:54,895 [Thread-8:140041656104704] [blog.views:38] [views:index] [ERROR]- distinct_date() takes exactly 1 argument (2 given)
2017-06-08 09:09:06,342 [Thread-2:140002243114752] [blog.views:38] [views:index] [ERROR]- article() takes exactly 1 argument (0 given)
2017-06-08 09:09:06,761 [Thread-3:140002243114752] [blog.views:38] [views:index] [ERROR]- article() takes exactly 1 argument (0 given)
2017-06-08 09:09:07,229 [Thread-4:140002243114752] [blog.views:38] [views:index] [ERROR]- article() takes exactly 1 argument (0 given)
2017-06-08 09:10:54,920 [Thread-2:140285941212928] [blog.views:39] [views:index] [ERROR]- 'ascii' codec can't encode characters in position 5-8: ordinal not in range(128)
2017-06-08 09:16:41,477 [Thread-2:140287213451008] [blog.views:39] [views:index] [ERROR]- 'ArticleManager' object has no attribute 'split'
2017-06-08 09:16:42,343 [Thread-3:140287213451008] [blog.views:39] [views:index] [ERROR]- 'ArticleManager' object has no attribute 'split'
2017-06-08 09:16:42,819 [Thread-4:140287204271872] [blog.views:39] [views:index] [ERROR]- 'ArticleManager' object has no attribute 'split'
2017-06-08 09:16:43,055 [Thread-5:140287213451008] [blog.views:39] [views:index] [ERROR]- 'ArticleManager' object has no attribute 'split'
2017-06-08 09:16:43,471 [Thread-6:140287204271872] [blog.views:39] [views:index] [ERROR]- 'ArticleManager' object has no attribute 'split'
2017-06-08 09:16:43,638 [Thread-7:140287213451008] [blog.views:39] [views:index] [ERROR]- 'ArticleManager' object has no attribute 'split'
2017-06-08 09:16:43,828 [Thread-8:140287204271872] [blog.views:39] [views:index] [ERROR]- 'ArticleManager' object has no attribute 'split'
2017-06-08 09:16:43,990 [Thread-9:140287213451008] [blog.views:39] [views:index] [ERROR]- 'ArticleManager' object has no attribute 'split'
2017-06-08 09:19:27,849 [Thread-2:140277746476800] [blog.views:39] [views:index] [ERROR]- 'ascii' codec can't encode characters in position 7-10: ordinal not in range(128)
2017-06-08 09:19:42,455 [Thread-2:139905165121280] [blog.views:39] [views:index] [ERROR]- 'ascii' codec can't encode characters in position 3-6: ordinal not in range(128)
2017-06-08 09:19:43,247 [Thread-3:139905156728576] [blog.views:39] [views:index] [ERROR]- 'ascii' codec can't encode characters in position 3-6: ordinal not in range(128)
2017-06-08 09:19:43,871 [Thread-4:139905148335872] [blog.views:39] [views:index] [ERROR]- 'ascii' codec can't encode characters in position 3-6: ordinal not in range(128)
2017-06-08 09:19:54,877 [Thread-6:139905165121280] [blog.views:39] [views:index] [ERROR]- 'ascii' codec can't encode characters in position 3-6: ordinal not in range(128)
2017-06-08 09:22:43,454 [Thread-2:140050014709504] [blog.views:39] [views:index] [ERROR]- 'builtin_function_or_method' object has no attribute 'strftime'
2017-06-08 09:22:44,774 [Thread-3:140050014709504] [blog.views:39] [views:index] [ERROR]- 'builtin_function_or_method' object has no attribute 'strftime'
2017-06-08 09:23:05,640 [Thread-2:139853747889920] [blog.views:39] [views:index] [ERROR]- 'ascii' codec can't encode characters in position 3-6: ordinal not in range(128)
2017-06-08 09:25:52,526 [Thread-2:140630248388352] [blog.views:39] [views:index] [ERROR]- 'ascii' codec can't encode characters in position 3-6: ordinal not in range(128)
2017-06-08 09:26:02,388 [Thread-2:140510158227200] [blog.views:39] [views:index] [ERROR]- 'ascii' codec can't encode characters in position 3-6: ordinal not in range(128)
2017-06-08 09:53:46,119 [Thread-6:140270571894528] [blog.views:60] [views:archive] [ERROR]- unsupported operand type(s) for +: 'NoneType' and 'str'
2017-06-08 09:53:52,538 [Thread-7:140270571894528] [blog.views:60] [views:archive] [ERROR]- unsupported operand type(s) for +: 'NoneType' and 'str'
2017-06-08 09:53:53,579 [Thread-8:140270580287232] [blog.views:60] [views:archive] [ERROR]- unsupported operand type(s) for +: 'NoneType' and 'str'
2017-06-08 09:55:36,073 [Thread-16:140270571894528] [blog.views:60] [views:archive] [ERROR]- unsupported operand type(s) for +: 'NoneType' and 'str'
2017-06-08 10:01:07,617 [Thread-4:140233680815872] [blog.views:62] [views:archive] [ERROR]- unsupported operand type(s) for +: 'NoneType' and 'str'
2017-06-09 02:09:06,315 [Thread-2:139916948272896] [blog.views:61] [views:archive] [ERROR]- getPage() takes exactly 2 arguments (0 given)
2017-06-09 02:09:06,789 [Thread-3:139916939880192] [blog.views:61] [views:archive] [ERROR]- getPage() takes exactly 2 arguments (0 given)
2017-06-09 02:09:10,979 [Thread-4:139916931487488] [blog.views:61] [views:archive] [ERROR]- getPage() takes exactly 2 arguments (0 given)
2017-06-09 02:09:12,846 [Thread-5:139916948272896] [blog.views:61] [views:archive] [ERROR]- getPage() takes exactly 2 arguments (0 given)
2017-06-09 02:09:34,642 [Thread-2:139931036489472] [blog.views:61] [views:archive] [ERROR]- getPage() takes exactly 2 arguments (1 given)
2017-06-09 02:09:36,834 [Thread-3:139931036489472] [blog.views:61] [views:archive] [ERROR]- getPage() takes exactly 2 arguments (1 given)
2017-06-09 02:09:38,864 [Thread-4:139931036489472] [blog.views:61] [views:archive] [ERROR]- getPage() takes exactly 2 arguments (1 given)
2017-06-09 02:11:22,206 [Thread-2:140108686812928] [blog.views:55] [views:archive] [ERROR]- getPage() takes exactly 2 arguments (1 given)
2017-06-09 02:11:22,717 [Thread-3:140108686812928] [blog.views:55] [views:archive] [ERROR]- getPage() takes exactly 2 arguments (1 given)
2017-06-09 02:11:22,943 [Thread-4:140108686812928] [blog.views:55] [views:archive] [ERROR]- getPage() takes exactly 2 arguments (1 given)
2017-06-09 02:11:23,117 [Thread-5:140108686812928] [blog.views:55] [views:archive] [ERROR]- getPage() takes exactly 2 arguments (1 given)
2017-06-09 02:11:23,299 [Thread-6:140108686812928] [blog.views:55] [views:archive] [ERROR]- getPage() takes exactly 2 arguments (1 given)
2017-06-09 02:11:25,171 [Thread-7:140108686812928] [blog.views:55] [views:archive] [ERROR]- getPage() takes exactly 2 arguments (1 given)
2017-06-09 02:14:10,100 [Thread-3:140469439031040] [blog.views:55] [views:archive] [ERROR]- unsupported operand type(s) for +: 'NoneType' and 'str'
2017-06-09 02:14:14,518 [Thread-4:140469439031040] [blog.views:55] [views:archive] [ERROR]- unsupported operand type(s) for +: 'NoneType' and 'str'
2017-06-09 02:14:15,230 [Thread-5:140469429589760] [blog.views:55] [views:archive] [ERROR]- unsupported operand type(s) for +: 'NoneType' and 'str'
2017-06-09 02:14:15,576 [Thread-6:140469439031040] [blog.views:55] [views:archive] [ERROR]- unsupported operand type(s) for +: 'NoneType' and 'str'
2017-06-09 02:14:16,430 [Thread-7:140469429589760] [blog.views:55] [views:archive] [ERROR]- unsupported operand type(s) for +: 'NoneType' and 'str'
2017-06-09 02:14:16,733 [Thread-8:140469439031040] [blog.views:55] [views:archive] [ERROR]- unsupported operand type(s) for +: 'NoneType' and 'str'
2017-06-09 02:14:16,928 [Thread-9:140469429589760] [blog.views:55] [views:archive] [ERROR]- unsupported operand type(s) for +: 'NoneType' and 'str'
2017-06-09 02:14:17,352 [Thread-10:140469439031040] [blog.views:55] [views:archive] [ERROR]- unsupported operand type(s) for +: 'NoneType' and 'str'
2017-06-09 02:14:17,672 [Thread-11:140469429589760] [blog.views:55] [views:archive] [ERROR]- unsupported operand type(s) for +: 'NoneType' and 'str'
2017-06-09 02:14:17,849 [Thread-12:140469439031040] [blog.views:55] [views:archive] [ERROR]- unsupported operand type(s) for +: 'NoneType' and 'str'
2017-06-09 02:14:18,039 [Thread-13:140469429589760] [blog.views:55] [views:archive] [ERROR]- unsupported operand type(s) for +: 'NoneType' and 'str'
2017-06-09 02:14:23,544 [Thread-14:140469439031040] [blog.views:55] [views:archive] [ERROR]- unsupported operand type(s) for +: 'NoneType' and 'str'
2017-06-09 02:14:30,878 [Thread-16:140469429589760] [blog.views:55] [views:archive] [ERROR]- unsupported operand type(s) for +: 'NoneType' and 'str'
2017-06-09 02:14:44,431 [Thread-19:140469439031040] [blog.views:55] [views:archive] [ERROR]- unsupported operand type(s) for +: 'NoneType' and 'str'
2017-06-09 02:14:48,483 [Thread-20:140469439031040] [blog.views:55] [views:archive] [ERROR]- unsupported operand type(s) for +: 'NoneType' and 'str'
2017-06-09 02:14:59,751 [Thread-28:140469439031040] [blog.views:55] [views:archive] [ERROR]- unsupported operand type(s) for +: 'NoneType' and 'str'
2017-06-09 02:18:26,464 [Thread-29:140469439031040] [blog.views:55] [views:archive] [ERROR]- unsupported operand type(s) for +: 'NoneType' and 'str'
2017-06-09 02:18:26,949 [Thread-30:140469429589760] [blog.views:55] [views:archive] [ERROR]- unsupported operand type(s) for +: 'NoneType' and 'str'
2017-06-09 02:18:27,427 [Thread-31:140469439031040] [blog.views:55] [views:archive] [ERROR]- unsupported operand type(s) for +: 'NoneType' and 'str'
2017-06-09 02:18:31,119 [Thread-35:140469429589760] [blog.views:55] [views:archive] [ERROR]- unsupported operand type(s) for +: 'NoneType' and 'str'
2017-06-09 02:24:56,507 [Thread-42:140469439031040] [blog.views:55] [views:archive] [ERROR]- coercing to Unicode: need string or buffer, NoneType found
2017-06-09 02:25:11,588 [Thread-43:140469439031040] [blog.views:55] [views:archive] [ERROR]- coercing to Unicode: need string or buffer, NoneType found
2017-06-09 07:28:01,914 [Thread-3:139903459391232] [blog.views:58] [views:archive] [ERROR]- unsupported operand type(s) for +: 'NoneType' and 'str'
2017-06-09 07:48:21,022 [Thread-39:140588959651584] [blog.views:84] [views:article] [ERROR]- invalid literal for int() with base 10: '<QueryDict: {}>'
2017-06-09 07:48:28,463 [Thread-41:140589324715776] [blog.views:84] [views:article] [ERROR]- invalid literal for int() with base 10: '<QueryDict: {}>'
2017-06-09 07:48:33,750 [Thread-44:140588959651584] [blog.views:84] [views:article] [ERROR]- invalid literal for int() with base 10: "<QueryDict: {u'page': [u'2']}>"
2017-06-09 07:54:23,281 [Thread-48:140589349893888] [blog.views:84] [views:article] [ERROR]- invalid literal for int() with base 10: "<QueryDict: {u'page': [u'2']}>"
2017-06-09 07:56:50,115 [Thread-74:140588959651584] [blog.views:84] [views:article] [ERROR]- invalid literal for int() with base 10: ''
2017-06-09 07:58:46,119 [Thread-77:140589324715776] [blog.views:84] [views:article] [ERROR]- invalid literal for int() with base 10: ''
2017-06-09 07:58:46,633 [Thread-79:140588959651584] [blog.views:84] [views:article] [ERROR]- invalid literal for int() with base 10: ''
2017-06-09 08:00:13,244 [Thread-102:140589349893888] [blog.views:84] [views:article] [ERROR]- invalid literal for int() with base 10: ''
2017-06-09 08:00:16,600 [Thread-104:140589341239040] [blog.views:84] [views:article] [ERROR]- invalid literal for int() with base 10: ''
2017-06-09 08:02:43,409 [Thread-117:140588959651584] [blog.views:84] [views:article] [ERROR]- invalid literal for int() with base 10: '<QueryDict: {}>'
2017-06-09 08:03:35,997 [Thread-120:140588976436992] [blog.views:84] [views:article] [ERROR]- invalid literal for int() with base 10: '<QueryDict: {}>'
2017-06-09 08:03:44,406 [Thread-123:140589332846336] [blog.views:84] [views:article] [ERROR]- invalid literal for int() with base 10: ''
2017-06-09 08:04:12,688 [Thread-126:140589349893888] [blog.views:84] [views:article] [ERROR]- invalid literal for int() with base 10: ''
2017-06-09 08:04:12,877 [Thread-128:140589332846336] [blog.views:84] [views:article] [ERROR]- invalid literal for int() with base 10: ''
2017-06-09 08:04:15,301 [Thread-130:140588976436992] [blog.views:84] [views:article] [ERROR]- invalid literal for int() with base 10: ''
2017-06-09 08:04:21,995 [Thread-134:140589332846336] [blog.views:84] [views:article] [ERROR]- invalid literal for int() with base 10: ''
2017-06-09 08:07:47,600 [Thread-136:140588976436992] [blog.views:84] [views:article] [ERROR]- invalid literal for int() with base 10: ''
2017-06-09 08:07:56,195 [Thread-139:140589332846336] [blog.views:84] [views:article] [ERROR]- invalid literal for int() with base 10: ''
2017-06-09 08:08:02,046 [Thread-142:140589332846336] [blog.views:84] [views:article] [ERROR]- invalid literal for int() with base 10: ''
2017-06-09 08:11:04,308 [Thread-149:140588976436992] [blog.views:84] [views:article] [ERROR]- invalid literal for int() with base 10: ''
2017-06-09 08:52:40,833 [Thread-3:140100043572992] [blog.views:84] [views:article] [ERROR]- invalid literal for int() with base 10: ''
2017-06-09 08:52:58,634 [Thread-26:140100033345280] [blog.views:84] [views:article] [ERROR]- invalid literal for int() with base 10: ''
2017-06-09 08:52:59,451 [Thread-27:140099811534592] [blog.views:84] [views:article] [ERROR]- invalid literal for int() with base 10: ''
2017-06-09 08:52:59,989 [Thread-28:140100051965696] [blog.views:84] [views:article] [ERROR]- invalid literal for int() with base 10: ''
2017-06-12 01:11:03,535 [Thread-2:140135772972800] [blog.views:86] [views:article] [ERROR]- invalid literal for int() with base 10: ''
2017-06-12 01:17:36,094 [Thread-49:140135387625216] [blog.views:86] [views:article] [ERROR]- invalid literal for int() with base 10: ''
2017-06-12 02:30:05,797 [Thread-37:140033566693120] [blog.views:107] [views:article] [ERROR]- invalid literal for int() with base 10: ''
2017-06-12 02:33:28,511 [Thread-54:140033583478528] [blog.views:107] [views:article] [ERROR]- invalid literal for int() with base 10: ''
2017-06-12 03:10:15,305 [Thread-5:139657390761728] [blog.views:127] [views:comment_post] [ERROR]- 'content'
2017-06-12 04:55:18,522 [Thread-18:140356395767552] [blog.views:129] [views:comment_post] [ERROR]- 'content'
2017-06-12 05:02:11,011 [Thread-8:139800103347968] [blog.views:129] [views:comment_post] [ERROR]- 'content'
2017-06-12 05:19:09,286 [Thread-19:139800103347968] [blog.views:129] [views:comment_post] [ERROR]- 'content'
2017-06-12 05:19:17,421 [Thread-21:139800103347968] [blog.views:129] [views:comment_post] [ERROR]- 'content'
